[333791876] Using port 4461
Server waiting for client
Connected player with UUID Red-Perpentine
Assigned index 0
Server waiting for client
Connected player with UUID Blue-Perpentine
Assigned index 1
Server waiting for client
Connected player with UUID Green-Perpentine
Assigned index 2
Server waiting for client
Connected player with UUID Purple-Perpentine
Assigned index 3
[333794277] Processing the map...
[333794404] Initializing controllers...
[333794416] Initializing the game...
[0] Red-Perpentine (Comm open) - sending GET_READY...
[0] Red-Perpentine (Comm open) - Ready!
[1] Blue-Perpentine (Comm open) - sending GET_READY...
[1] Blue-Perpentine (Comm open) - Ready!
[2] Green-Perpentine (Comm open) - sending GET_READY...
[2] Green-Perpentine (Comm open) - Ready!
[3] Purple-Perpentine (Comm open) - sending GET_READY...
[3] Purple-Perpentine (Comm open) - Ready!
[333795122] Turn number: 0
[333795122] ----------------------------------------------------
[333795813] Turn number: 1
[333795813] ----------------------------------------------------
[333796497] Turn number: 2
[333796498] ----------------------------------------------------
[333797197] Turn number: 3
[333797197] ----------------------------------------------------
[333797859] Turn number: 4
[333797859] ----------------------------------------------------
[333798563] Turn number: 5
[333798564] ----------------------------------------------------
[333799182] Red-Perpentine Acquired Territory, now at  (4, 2)
[333799182] Blue-Perpentine Acquired Territory, now at  (27, 4)
[333799183] Green-Perpentine Acquired Territory, now at  (27, 25)
[333799184] Purple-Perpentine Acquired Territory, now at  (4, 25)
[333799243] Turn number: 6
[333799244] ----------------------------------------------------
[333799895] Turn number: 7
[333799895] ----------------------------------------------------
[333800559] Turn number: 8
[333800559] ----------------------------------------------------
[333801225] Turn number: 9
[333801226] ----------------------------------------------------
[333801894] Turn number: 10
[333801894] ----------------------------------------------------
[333802526] Turn number: 11
[333802527] ----------------------------------------------------
[333803144] Blue-Perpentine Acquired Territory, now at  (25, 4)
[333803160] Turn number: 12
[333803160] ----------------------------------------------------
[333803770] Red-Perpentine Acquired Territory, now at  (6, 3)
[333803771] Green-Perpentine Acquired Territory, now at  (26, 23)
[333803771] Purple-Perpentine Acquired Territory, now at  (3, 23)
[333803818] Turn number: 13
[333803818] ----------------------------------------------------
[333804447] Turn number: 14
[333804447] ----------------------------------------------------
[333805101] Turn number: 15
[333805101] ----------------------------------------------------
[333805762] Turn number: 16
[333805762] ----------------------------------------------------
[333806421] Turn number: 17
[333806422] ----------------------------------------------------
[333807027] Blue-Perpentine Acquired Territory, now at  (25, 2)
[333807068] Turn number: 18
[333807068] ----------------------------------------------------
[333807718] Turn number: 19
[333807718] ----------------------------------------------------
[333808326] Red-Perpentine Acquired Territory, now at  (6, 2)
[333808327] Green-Perpentine Acquired Territory, now at  (27, 23)
[333808327] Purple-Perpentine Acquired Territory, now at  (4, 23)
[333808356] Turn number: 20
[333808356] ----------------------------------------------------
[333809002] Turn number: 21
[333809002] ----------------------------------------------------
[333809644] Turn number: 22
[333809645] ----------------------------------------------------
[333810296] Turn number: 23
[333810297] ----------------------------------------------------
[333810959] Turn number: 24
[333810959] ----------------------------------------------------
[333811573] Blue-Perpentine Acquired Territory, now at  (26, 6)
[333811612] Turn number: 25
[333811612] ----------------------------------------------------
[333812275] Turn number: 26
[333812275] ----------------------------------------------------
[333812892] Purple-Perpentine Acquired Territory, now at  (4, 22)
[333812958] Turn number: 27
[333812958] ----------------------------------------------------
[333813575] Red-Perpentine Acquired Territory, now at  (8, 2)
[333813575] Green-Perpentine Acquired Territory, now at  (27, 21)
[333813620] Turn number: 28
[333813620] ----------------------------------------------------
[333814266] Turn number: 29
[333814267] ----------------------------------------------------
[333814914] Turn number: 30
[333814914] ----------------------------------------------------
[333815564] Turn number: 31
[333815564] ----------------------------------------------------
[333816173] Blue-Perpentine Acquired Territory, now at  (24, 5)
[333816216] Turn number: 32
[333816217] ----------------------------------------------------
[333816864] Turn number: 33
[333816865] ----------------------------------------------------
[333817473] Red-Perpentine Acquired Territory, now at  (9, 3)
[333817473] Green-Perpentine Acquired Territory, now at  (26, 20)
[333817517] Turn number: 34
[333817517] ----------------------------------------------------
[333818164] Turn number: 35
[333818165] ----------------------------------------------------
[333818773] Purple-Perpentine Acquired Territory, now at  (4, 21)
[333818815] Turn number: 36
[333818816] ----------------------------------------------------
[333819423] Blue-Perpentine Acquired Territory, now at  (23, 3)
[333819496] Turn number: 37
[333819497] ----------------------------------------------------
[333820155] Turn number: 38
[333820155] ----------------------------------------------------
[333820811] Turn number: 39
[333820812] ----------------------------------------------------
[333821468] Turn number: 40
[333821468] ----------------------------------------------------
[333822114] Turn number: 41
[333822114] ----------------------------------------------------
[333822721] Red-Perpentine Acquired Territory, now at  (10, 2)
[333822721] Blue-Perpentine Acquired Territory, now at  (23, 2)
[333822722] Green-Perpentine Acquired Territory, now at  (27, 19)
[333822722] Purple-Perpentine Acquired Territory, now at  (4, 19)
[333822763] Turn number: 42
[333822764] ----------------------------------------------------
[333823421] Turn number: 43
[333823421] ----------------------------------------------------
[333824079] Turn number: 44
[333824079] ----------------------------------------------------
[333824724] Turn number: 45
[333824724] ----------------------------------------------------
[333825384] Turn number: 46
[333825384] ----------------------------------------------------
[333826028] Turn number: 47
[333826028] ----------------------------------------------------
[333826636] Blue-Perpentine Acquired Territory, now at  (22, 1)
[333826682] Turn number: 48
[333826682] ----------------------------------------------------
[333827286] Red-Perpentine Acquired Territory, now at  (12, 3)
[333827286] Green-Perpentine Acquired Territory, now at  (26, 17)
[333827287] Purple-Perpentine Acquired Territory, now at  (5, 19)
[333827321] Turn number: 49
[333827321] ----------------------------------------------------
[333828002] Turn number: 50
[333828002] ----------------------------------------------------
[333828659] Turn number: 51
[333828659] ----------------------------------------------------
[333829307] Turn number: 52
[333829307] ----------------------------------------------------
[333829969] Turn number: 53
[333829970] ----------------------------------------------------
[333830622] Turn number: 54
[333830623] ----------------------------------------------------
[333831236] Blue-Perpentine Acquired Territory, now at  (22, 4)
[333831276] Turn number: 55
[333831276] ----------------------------------------------------
[333831883] Red-Perpentine Acquired Territory, now at  (12, 2)
[333831883] Green-Perpentine Acquired Territory, now at  (27, 17)
[333831884] Purple-Perpentine Acquired Territory, now at  (5, 18)
[333831935] Turn number: 56
[333831935] ----------------------------------------------------
[333832599] Turn number: 57
[333832600] ----------------------------------------------------
[333833275] Turn number: 58
[333833275] ----------------------------------------------------
[333833924] Turn number: 59
[333833924] ----------------------------------------------------
[333834533] Blue-Perpentine Acquired Territory, now at  (23, 6)
[333834570] Turn number: 60
[333834570] ----------------------------------------------------
[333835232] Turn number: 61
[333835232] ----------------------------------------------------
[333835905] Turn number: 62
[333835905] ----------------------------------------------------
[333836549] Turn number: 63
[333836550] ----------------------------------------------------
[333837165] Red-Perpentine Acquired Territory, now at  (14, 2)
[333837166] Green-Perpentine Acquired Territory, now at  (27, 15)
[333837208] Turn number: 64
[333837208] ----------------------------------------------------
[333837816] Purple-Perpentine Acquired Territory, now at  (5, 17)
[333837858] Turn number: 65
[333837858] ----------------------------------------------------
[333838510] Turn number: 66
[333838510] ----------------------------------------------------
[333839115] Blue-Perpentine Acquired Territory, now at  (21, 5)
[333839135] Turn number: 67
[333839135] ----------------------------------------------------
[333839797] Turn number: 68
[333839797] ----------------------------------------------------
[333840452] Turn number: 69
[333840452] ----------------------------------------------------
[333841066] Red-Perpentine Acquired Territory, now at  (15, 3)
[333841066] Green-Perpentine Acquired Territory, now at  (26, 14)
[333841105] Turn number: 70
[333841105] ----------------------------------------------------
[333841715] Purple-Perpentine Acquired Territory, now at  (5, 15)
[333841757] Turn number: 71
[333841757] ----------------------------------------------------
[333842410] Turn number: 72
[333842410] ----------------------------------------------------
[333843062] Turn number: 73
[333843063] ----------------------------------------------------
[333843668] Blue-Perpentine Acquired Territory, now at  (21, 4)
[333843736] Turn number: 74
[333843736] ----------------------------------------------------
[333844391] Turn number: 75
[333844391] ----------------------------------------------------
[333845038] Turn number: 76
[333845038] ----------------------------------------------------
[333845685] Turn number: 77
[333845686] ----------------------------------------------------
[333846296] Red-Perpentine Acquired Territory, now at  (16, 2)
[333846296] Green-Perpentine Acquired Territory, now at  (27, 13)
[333846296] Purple-Perpentine Acquired Territory, now at  (6, 15)
[333846343] Turn number: 78
[333846344] ----------------------------------------------------
[333847034] Turn number: 79
[333847034] ----------------------------------------------------
[333847647] Blue-Perpentine Acquired Territory, now at  (22, 7)
[333847687] Turn number: 80
[333847687] ----------------------------------------------------
[333848332] Turn number: 81
[333848333] ----------------------------------------------------
[333848988] Turn number: 82
[333848989] ----------------------------------------------------
[333849635] Turn number: 83
[333849635] ----------------------------------------------------
[333850295] Turn number: 84
[333850295] ----------------------------------------------------
[333850912] Red-Perpentine Acquired Territory, now at  (18, 3)
[333850913] Green-Perpentine Acquired Territory, now at  (26, 11)
[333850913] Purple-Perpentine Acquired Territory, now at  (6, 14)
[333850949] Turn number: 85
[333850950] ----------------------------------------------------
[333851602] Turn number: 86
[333851602] ----------------------------------------------------
[333852211] Blue-Perpentine Acquired Territory, now at  (20, 6)
[333852244] Turn number: 87
[333852244] ----------------------------------------------------
[333852911] Turn number: 88
[333852912] ----------------------------------------------------
[333853566] Turn number: 89
[333853566] ----------------------------------------------------
[333854216] Turn number: 90
[333854216] ----------------------------------------------------
[333854866] Turn number: 91
[333854867] ----------------------------------------------------
[333855477] Red-Perpentine Acquired Territory, now at  (18, 2)
[333855477] Blue-Perpentine Acquired Territory, now at  (19, 4)
[333855477] Green-Perpentine Acquired Territory, now at  (27, 11)
[333855544] Turn number: 92
[333855545] ----------------------------------------------------
[333856199] Turn number: 93
[333856199] ----------------------------------------------------
[333856826] Red-Perpentine Killed AI at  (19, 3)
[333856826] Blue-Perpentine Died at  (19, 2)
[333856826] Purple-Perpentine Acquired Territory, now at  (6, 13)
[333856862] Turn number: 94
[333856863] ----------------------------------------------------
[333857515] Turn number: 95
[333857515] ----------------------------------------------------
[333858165] Turn number: 96
[333858166] ----------------------------------------------------
[333858799] Turn number: 97
[333858799] ----------------------------------------------------
[333859452] Turn number: 98
[333859452] ----------------------------------------------------
[333860058] Red-Perpentine Acquired Territory, now at  (20, 3)
[333860097] Turn number: 99
[333860097] ----------------------------------------------------
[333860709] Green-Perpentine Acquired Territory, now at  (27, 9)
[333860709] Purple-Perpentine Acquired Territory, now at  (6, 11)
[333860770] Turn number: 100
[333860771] ----------------------------------------------------
[333861414] Turn number: 101
[333861414] ----------------------------------------------------
[333862077] Turn number: 102
[333862077] ----------------------------------------------------
[333862729] Turn number: 103
[333862729] ----------------------------------------------------
[333863386] Turn number: 104
[333863386] ----------------------------------------------------
[333864027] Turn number: 105
[333864027] ----------------------------------------------------
[333864640] Red-Perpentine Acquired Territory, now at  (20, 2)
[333864640] Green-Perpentine Acquired Territory, now at  (26, 8)
[333864678] Turn number: 106
[333864678] ----------------------------------------------------
[333865291] Purple-Perpentine Acquired Territory, now at  (7, 11)
[333865348] Turn number: 107
[333865348] ----------------------------------------------------
[333865995] Turn number: 108
[333865996] ----------------------------------------------------
[333866652] Turn number: 109
[333866653] ----------------------------------------------------
[333867295] Turn number: 110
[333867295] ----------------------------------------------------
[333867938] Turn number: 111
[333867939] ----------------------------------------------------
[333868619] Turn number: 112
[333868619] ----------------------------------------------------
[333869258] Turn number: 113
[333869258] ----------------------------------------------------
[333869871] Red-Perpentine Acquired Territory, now at  (22, 2)
[333869871] Green-Perpentine Acquired Territory, now at  (27, 7)
[333869871] Purple-Perpentine Acquired Territory, now at  (7, 10)
[333869919] Turn number: 114
[333869919] ----------------------------------------------------
[333870569] Turn number: 115
[333870569] ----------------------------------------------------
[333871214] Turn number: 116
[333871214] ----------------------------------------------------
[333871859] Turn number: 117
[333871859] ----------------------------------------------------
[333872521] Turn number: 118
[333872522] ----------------------------------------------------
[333873137] Blue-Perpentine Re-spawned at  (22, 4)
[333873182] Turn number: 119
[333873182] ----------------------------------------------------
[333873787] Red-Perpentine Acquired Territory, now at  (23, 3)
[333873830] Turn number: 120
[333873830] ----------------------------------------------------
[333874437] Red-Perpentine Killed AI at  (22, 3)
[333874437] Blue-Perpentine Died at  (21, 3)
[333874437] Green-Perpentine Acquired Territory, now at  (26, 5)
[333874523] Turn number: 121
[333874523] ----------------------------------------------------
[333875181] Turn number: 122
[333875181] ----------------------------------------------------
[333875787] Purple-Perpentine Acquired Territory, now at  (7, 9)
[333875835] Turn number: 123
[333875835] ----------------------------------------------------
[333876479] Turn number: 124
[333876479] ----------------------------------------------------
[333877085] Red-Perpentine Died at  (26, 3)
[333877086] Red-Perpentine Head on Collision at  (-1, -1)
[333877086] Green-Perpentine Died at  (26, 3)
[333877086] Green-Perpentine Head on Collision at  (-1, -1)
[333877128] Turn number: 125
[333877129] ----------------------------------------------------
[333877774] Turn number: 126
[333877774] ----------------------------------------------------
[333878421] Turn number: 127
[333878421] ----------------------------------------------------
[333879086] Turn number: 128
[333879086] ----------------------------------------------------
[333879703] Purple-Perpentine Acquired Territory, now at  (7, 7)
[333879743] Turn number: 129
[333879743] ----------------------------------------------------
[333880393] Turn number: 130
[333880393] ----------------------------------------------------
[333881042] Turn number: 131
[333881042] ----------------------------------------------------
[333881701] Turn number: 132
[333881702] ----------------------------------------------------
[333882356] Turn number: 133
[333882357] ----------------------------------------------------
[333883007] Turn number: 134
[333883007] ----------------------------------------------------
[333883661] Turn number: 135
[333883661] ----------------------------------------------------
[333884268] Purple-Perpentine Acquired Territory, now at  (8, 7)
[333884311] Turn number: 136
[333884311] ----------------------------------------------------
[333884984] Turn number: 137
[333884984] ----------------------------------------------------
[333885642] Turn number: 138
[333885643] ----------------------------------------------------
[333886279] Turn number: 139
[333886279] ----------------------------------------------------
[333886923] Turn number: 140
[333886923] ----------------------------------------------------
[333887579] Turn number: 141
[333887579] ----------------------------------------------------
[333888250] Turn number: 142
[333888250] ----------------------------------------------------
[333888865] Purple-Perpentine Acquired Territory, now at  (8, 6)
[333888904] Turn number: 143
[333888904] ----------------------------------------------------
[333889550] Turn number: 144
[333889550] ----------------------------------------------------
[333890204] Turn number: 145
[333890205] ----------------------------------------------------
[333890815] Blue-Perpentine Re-spawned at  (25, 4)
[333890858] Turn number: 146
[333890858] ----------------------------------------------------
[333891505] Turn number: 147
[333891505] ----------------------------------------------------
[333892150] Turn number: 148
[333892150] ----------------------------------------------------
[333892812] Turn number: 149
[333892812] ----------------------------------------------------
[333893415] Red-Perpentine Re-spawned at  (8, 2)
[333893415] Green-Perpentine Re-spawned at  (25, 15)
[333893460] Turn number: 150
[333893460] ----------------------------------------------------
[333894064] Red-Perpentine Killed AI at  (8, 3)
[333894064] Purple-Perpentine Died at  (9, 5)
[333894064] Blue-Perpentine Acquired Territory, now at  (23, 1)
[333894106] Turn number: 151
[333894106] ----------------------------------------------------
[333894759] Turn number: 152
[333894759] ----------------------------------------------------
[333895400] Turn number: 153
[333895400] ----------------------------------------------------
[333896055] Turn number: 154
[333896055] ----------------------------------------------------
[333896663] Green-Perpentine Acquired Territory, now at  (24, 15)
[333896699] Turn number: 155
[333896699] ----------------------------------------------------
[333897311] Red-Perpentine Acquired Territory, now at  (9, 5)
[333897354] Turn number: 156
[333897354] ----------------------------------------------------
[333898001] Turn number: 157
[333898001] ----------------------------------------------------
[333898613] Blue-Perpentine Acquired Territory, now at  (27, 2)
[333898665] Turn number: 158
[333898665] ----------------------------------------------------
[333899316] Turn number: 159
[333899316] ----------------------------------------------------
[333899929] Green-Perpentine Acquired Territory, now at  (24, 12)
[333899970] Turn number: 160
[333899970] ----------------------------------------------------
[333900615] Turn number: 161
[333900615] ----------------------------------------------------
[333901276] Turn number: 162
[333901276] ----------------------------------------------------
[333901939] Turn number: 163
[333901939] ----------------------------------------------------
[333902544] Blue-Perpentine Acquired Territory, now at  (27, 4)
[333902579] Turn number: 164
[333902580] ----------------------------------------------------
[333903194] Red-Perpentine Acquired Territory, now at  (9, 6)
[333903194] Green-Perpentine Acquired Territory, now at  (24, 9)
[333903236] Turn number: 165
[333903236] ----------------------------------------------------
[333903888] Turn number: 166
[333903889] ----------------------------------------------------
[333904529] Turn number: 167
[333904529] ----------------------------------------------------
[333905182] Turn number: 168
[333905183] ----------------------------------------------------
[333905823] Turn number: 169
[333905823] ----------------------------------------------------
[333906426] Blue-Perpentine Acquired Territory, now at  (28, 5)
[333906426] Green-Perpentine Acquired Territory, now at  (24, 6)
[333906471] Turn number: 170
[333906471] ----------------------------------------------------
[333907077] Red-Perpentine Acquired Territory, now at  (6, 5)
[333907125] Turn number: 171
[333907125] ----------------------------------------------------
[333907793] Turn number: 172
[333907793] ----------------------------------------------------
[333908457] Turn number: 173
[333908457] ----------------------------------------------------
[333909103] Turn number: 174
[333909103] ----------------------------------------------------
[333909759] Turn number: 175
[333909759] ----------------------------------------------------
[333910375] Blue-Perpentine Head on Collision at  (25, 4)
[333910375] Blue-Perpentine Head on Collision at  (25, 5)
[333910375] Blue-Perpentine Died at  (25, 4)
[333910375] Green-Perpentine Died at  (25, 5)
[333910375] Red-Perpentine Acquired Territory, now at  (4, 4)
[333910376] Purple-Perpentine Re-spawned at  (6, 9)
[333910429] Turn number: 176
[333910429] ----------------------------------------------------
[333911094] Turn number: 177
[333911094] ----------------------------------------------------
[333911748] Turn number: 178
[333911749] ----------------------------------------------------
[333912400] Turn number: 179
[333912400] ----------------------------------------------------
[333913007] Red-Perpentine Killed AI at  (4, 8)
[333913007] Purple-Perpentine Died at  (5, 8)
[333913034] Turn number: 180
[333913034] ----------------------------------------------------
[333913674] Turn number: 181
[333913674] ----------------------------------------------------
[333914329] Turn number: 182
[333914330] ----------------------------------------------------
[333914941] Red-Perpentine Acquired Territory, now at  (5, 6)
[333915024] Turn number: 183
[333915024] ----------------------------------------------------
[333915667] Turn number: 184
[333915668] ----------------------------------------------------
[333916330] Turn number: 185
[333916330] ----------------------------------------------------
[333916980] Turn number: 186
[333916980] ----------------------------------------------------
[333917631] Turn number: 187
[333917631] ----------------------------------------------------
[333918239] Red-Perpentine Acquired Territory, now at  (2, 4)
[333918275] Turn number: 188
[333918275] ----------------------------------------------------
[333918939] Turn number: 189
[333918939] ----------------------------------------------------
[333919597] Turn number: 190
[333919597] ----------------------------------------------------
[333920252] Turn number: 191
[333920252] ----------------------------------------------------
[333920896] Turn number: 192
[333920896] ----------------------------------------------------
[333921544] Turn number: 193
[333921544] ----------------------------------------------------
[333922155] Red-Perpentine Acquired Territory, now at  (2, 2)
[333922198] Turn number: 194
[333922198] ----------------------------------------------------
[333922845] Turn number: 195
[333922845] ----------------------------------------------------
[333923502] Turn number: 196
[333923503] ----------------------------------------------------
[333924163] Turn number: 197
[333924163] ----------------------------------------------------
[333924804] Turn number: 198
[333924804] ----------------------------------------------------
[333925458] Turn number: 199
[333925458] ----------------------------------------------------
[333926120] Turn number: 200
[333926120] ----------------------------------------------------
[333926736] Blue-Perpentine Re-spawned at  (27, 3)
[333926736] Green-Perpentine Re-spawned at  (25, 10)
[333926752] Turn number: 201
[333926752] ----------------------------------------------------
[333927376] Turn number: 202
[333927376] ----------------------------------------------------
[333927985] Red-Perpentine Acquired Territory, now at  (3, 6)
[333928028] Turn number: 203
[333928028] ----------------------------------------------------
[333928719] Turn number: 204
[333928719] ----------------------------------------------------
[333929334] Purple-Perpentine Re-spawned at  (7, 9)
[333929372] Turn number: 205
[333929373] ----------------------------------------------------
[333930028] Turn number: 206
[333930028] ----------------------------------------------------
[333930633] Green-Perpentine Acquired Territory, now at  (23, 10)
[333930668] Turn number: 207
[333930668] ----------------------------------------------------
[333931283] Blue-Perpentine Acquired Territory, now at  (25, 4)
[333931333] Turn number: 208
[333931333] ----------------------------------------------------
[333931991] Turn number: 209
[333931992] ----------------------------------------------------
[333932633] Turn number: 210
[333932633] ----------------------------------------------------
[333933251] Red-Perpentine Acquired Territory, now at  (3, 8)
[333933289] Turn number: 211
[333933290] ----------------------------------------------------
[333933901] Green-Perpentine Acquired Territory, now at  (23, 7)
[333933901] Purple-Perpentine Acquired Territory, now at  (7, 8)
[333933916] Turn number: 212
[333933916] ----------------------------------------------------
[333934533] Blue-Perpentine Acquired Territory, now at  (23, 3)
[333934576] Turn number: 213
[333934576] ----------------------------------------------------
[333935220] Turn number: 214
[333935221] ----------------------------------------------------
[333935878] Turn number: 215
[333935878] ----------------------------------------------------
[333936525] Turn number: 216
[333936525] ----------------------------------------------------
[333937174] Turn number: 217
[333937174] ----------------------------------------------------
[333937783] Blue-Perpentine Acquired Territory, now at  (20, 1)
[333937783] Green-Perpentine Acquired Territory, now at  (24, 6)
[333937783] Purple-Perpentine Acquired Territory, now at  (7, 6)
[333937820] Turn number: 218
[333937820] ----------------------------------------------------
[333938432] Red-Perpentine Acquired Territory, now at  (3, 10)
[333938456] Turn number: 219
[333938456] ----------------------------------------------------
[333939083] Turn number: 220
[333939083] ----------------------------------------------------
[333939740] Turn number: 221
[333939740] ----------------------------------------------------
[333940389] Turn number: 222
[333940389] ----------------------------------------------------
[333940997] Blue-Perpentine Acquired Territory, now at  (20, 2)
[333941037] Turn number: 223
[333941037] ----------------------------------------------------
[333941648] Green-Perpentine Acquired Territory, now at  (23, 5)
[333941714] Turn number: 224
[333941715] ----------------------------------------------------
[333942322] Red-Perpentine Acquired Territory, now at  (5, 8)
[333942322] Purple-Perpentine Acquired Territory, now at  (8, 6)
[333942358] Turn number: 225
[333942358] ----------------------------------------------------
[333943007] Turn number: 226
[333943007] ----------------------------------------------------
[333943671] Turn number: 227
[333943671] ----------------------------------------------------
[333944330] Turn number: 228
[333944331] ----------------------------------------------------
[333944947] Red-Perpentine Acquired Territory, now at  (6, 5)
[333944978] Turn number: 229
[333944978] ----------------------------------------------------
[333945627] Turn number: 230
[333945627] ----------------------------------------------------
[333946230] Blue-Perpentine Acquired Territory, now at  (18, 2)
[333946268] Turn number: 231
[333946268] ----------------------------------------------------
[333946882] Green-Perpentine Acquired Territory, now at  (24, 4)
[333946962] Turn number: 232
[333946962] ----------------------------------------------------
[333947578] Purple-Perpentine Acquired Territory, now at  (8, 4)
[333947625] Turn number: 233
[333947625] ----------------------------------------------------
[333948296] Turn number: 234
[333948296] ----------------------------------------------------
[333948912] Red-Perpentine Acquired Territory, now at  (6, 7)
[333948959] Turn number: 235
[333948959] ----------------------------------------------------
[333949599] Turn number: 236
[333949599] ----------------------------------------------------
[333950254] Turn number: 237
[333950254] ----------------------------------------------------
[333950893] Turn number: 238
[333950893] ----------------------------------------------------
[333951511] Blue-Perpentine Acquired Territory, now at  (16, 2)
[333951511] Green-Perpentine Acquired Territory, now at  (23, 2)
[333951511] Purple-Perpentine Acquired Territory, now at  (7, 3)
[333951526] Turn number: 239
[333951526] ----------------------------------------------------
[333952176] Turn number: 240
[333952176] ----------------------------------------------------
[333952777] Red-Perpentine Acquired Territory, now at  (9, 8)
[333952817] Turn number: 241
[333952817] ----------------------------------------------------
[333953481] Turn number: 242
[333953481] ----------------------------------------------------
[333954135] Turn number: 243
[333954135] ----------------------------------------------------
[333954781] Turn number: 244
[333954781] ----------------------------------------------------
[333955393] Purple-Perpentine Acquired Territory, now at  (10, 6)
[333955439] Turn number: 245
[333955439] ----------------------------------------------------
[333956044] Red-Perpentine Acquired Territory, now at  (9, 7)
[333956044] Blue-Perpentine Acquired Territory, now at  (17, 2)
[333956044] Green-Perpentine Acquired Territory, now at  (24, 2)
[333956082] Turn number: 246
[333956082] ----------------------------------------------------
[333956751] Turn number: 247
[333956751] ----------------------------------------------------
[333957379] Turn number: 248
[333957380] ----------------------------------------------------
[333958035] Turn number: 249
[333958035] ----------------------------------------------------
[333958643] Purple-Perpentine Acquired Territory, now at  (10, 5)
[333958683] Turn number: 250
[333958683] ----------------------------------------------------
[333959341] Turn number: 251
[333959341] ----------------------------------------------------
[333960009] Turn number: 252
[333960009] ----------------------------------------------------
[333960625] Red-Perpentine Acquired Territory, now at  (11, 8)
[333960666] Turn number: 253
[333960666] ----------------------------------------------------
[333961275] Red-Perpentine Head on Collision at  (10, 8)
[333961275] Red-Perpentine Head on Collision at  (11, 8)
[333961275] Red-Perpentine Died at  (10, 8)
[333961275] Purple-Perpentine Died at  (11, 8)
[333961275] Blue-Perpentine Acquired Territory, now at  (17, 4)
[333961276] Green-Perpentine Acquired Territory, now at  (26, 2)
[333961315] Turn number: 254
[333961315] ----------------------------------------------------
[333961977] Turn number: 255
[333961977] ----------------------------------------------------
[333962641] Turn number: 256
[333962642] ----------------------------------------------------
[333963302] Turn number: 257
[333963302] ----------------------------------------------------
[333963944] Turn number: 258
[333963944] ----------------------------------------------------
[333964556] Blue-Perpentine Acquired Territory, now at  (14, 2)
[333964583] Turn number: 259
[333964583] ----------------------------------------------------
[333965190] Green-Perpentine Acquired Territory, now at  (27, 3)
[333965229] Turn number: 260
[333965229] ----------------------------------------------------
[333965883] Turn number: 261
[333965883] ----------------------------------------------------
[333966535] Turn number: 262
[333966535] ----------------------------------------------------
[333967176] Turn number: 263
[333967176] ----------------------------------------------------
[333967800] Blue-Perpentine Acquired Territory, now at  (14, 1)
[333967868] Turn number: 264
[333967868] ----------------------------------------------------
[333968536] Turn number: 265
[333968536] ----------------------------------------------------
[333969182] Turn number: 266
[333969182] ----------------------------------------------------
[333969837] Turn number: 267
[333969837] ----------------------------------------------------
[333970454] Green-Perpentine Acquired Territory, now at  (27, 5)
[333970517] Turn number: 268
[333970518] ----------------------------------------------------
[333971175] Turn number: 269
[333971175] ----------------------------------------------------
[333971828] Turn number: 270
[333971828] ----------------------------------------------------
[333972505] Turn number: 271
[333972505] ----------------------------------------------------
[333973120] Blue-Perpentine Acquired Territory, now at  (15, 4)
[333973159] Turn number: 272
[333973159] ----------------------------------------------------
[333973810] Turn number: 273
[333973810] ----------------------------------------------------
[333974462] Turn number: 274
[333974462] ----------------------------------------------------
[333975115] Turn number: 275
[333975115] ----------------------------------------------------
[333975761] Turn number: 276
[333975761] ----------------------------------------------------
[333976386] Blue-Perpentine Acquired Territory, now at  (12, 2)
[333976418] Turn number: 277
[333976418] ----------------------------------------------------
[333977036] Green-Perpentine Acquired Territory, now at  (21, 3)
[333977077] Turn number: 278
[333977077] ----------------------------------------------------
[333977686] Red-Perpentine Re-spawned at  (2, 8)
[333977686] Purple-Perpentine Re-spawned at  (5, 23)
[333977734] Turn number: 279
[333977734] ----------------------------------------------------
[333978387] Turn number: 280
[333978387] ----------------------------------------------------
[333979048] Turn number: 281
[333979048] ----------------------------------------------------
[333979652] Blue-Perpentine Acquired Territory, now at  (12, 1)
[333979700] Turn number: 282
[333979701] ----------------------------------------------------
[333980318] Green-Perpentine Acquired Territory, now at  (21, 2)
[333980364] Turn number: 283
[333980364] ----------------------------------------------------
[333981006] Turn number: 284
[333981006] ----------------------------------------------------
[333981617] Purple-Perpentine Acquired Territory, now at  (6, 22)
[333981679] Turn number: 285
[333981680] ----------------------------------------------------
[333982342] Turn number: 286
[333982342] ----------------------------------------------------
[333983018] Turn number: 287
[333983019] ----------------------------------------------------
[333983634] Red-Perpentine Acquired Territory, now at  (3, 12)
[333983677] Turn number: 288
[333983678] ----------------------------------------------------
[333984283] Green-Perpentine Acquired Territory, now at  (20, 1)
[333984327] Turn number: 289
[333984327] ----------------------------------------------------
[333984934] Blue-Perpentine Acquired Territory, now at  (13, 4)
[333985000] Turn number: 290
[333985000] ----------------------------------------------------
[333985615] Purple-Perpentine Acquired Territory, now at  (7, 23)
[333985647] Turn number: 291
[333985647] ----------------------------------------------------
[333986299] Turn number: 292
[333986299] ----------------------------------------------------
[333986954] Turn number: 293
[333986955] ----------------------------------------------------
[333987564] Red-Perpentine Acquired Territory, now at  (5, 10)
[333987616] Turn number: 294
[333987616] ----------------------------------------------------
[333988236] Blue-Perpentine Acquired Territory, now at  (10, 2)
[333988274] Turn number: 295
[333988274] ----------------------------------------------------
[333988882] Green-Perpentine Acquired Territory, now at  (20, 4)
[333988923] Turn number: 296
[333988923] ----------------------------------------------------
[333989580] Turn number: 297
[333989580] ----------------------------------------------------
[333990199] Red-Perpentine Acquired Territory, now at  (7, 8)
[333990248] Turn number: 298
[333990248] ----------------------------------------------------
[333990865] Purple-Perpentine Acquired Territory, now at  (8, 22)
[333990889] Turn number: 299
[333990889] ----------------------------------------------------
[333991497] Blue-Perpentine Acquired Territory, now at  (10, 1)
[333991537] Turn number: 300
[333991537] ----------------------------------------------------
[333991539] Turn limit reached: exiting game
[334035472] 

[334035472] Game Over!
[334036081] Green-Perpentine Acquired Territory, now at  (21, 6)
Exited game loop
